0 verbose cli /usr/bin/node /usr/bin/npm
1 info using npm@10.7.0
2 info using node@v20.14.0
3 silly config:load:file:/usr/lib/node_modules/npm/npmrc
4 silly config:load:file:/home/ubuntu/forkingDemo/.npmrc
5 silly config:load:file:/home/ubuntu/.npmrc
6 silly config:load:file:/usr/etc/npmrc
7 verbose title npm i @openzeppelin/contracts@4.5.0
8 verbose argv "i" "@openzeppelin/contracts@4.5.0"
9 verbose logfile logs-max:10 dir:/home/ubuntu/.npm/_logs/2024-06-05T19_28_38_020Z-
10 verbose logfile /home/ubuntu/.npm/_logs/2024-06-05T19_28_38_020Z-debug-0.log
11 silly logfile done cleaning log files
12 silly idealTree buildDeps
13 silly fetch manifest @openzeppelin/contracts@4.5.0
14 http fetch GET 200 https://registry.npmjs.org/@openzeppelin%2fcontracts 366ms (cache miss)
15 silly placeDep ROOT @openzeppelin/contracts@4.5.0 OK for:  want: 4.5.0
16 silly reify moves {}
17 silly audit bulk request {
17 silly audit   '@adraffy/ens-normalize': [ '1.10.1' ],
17 silly audit   '@cspotcode/source-map-support': [ '0.8.1' ],
17 silly audit   '@ethereumjs/rlp': [ '4.0.1' ],
17 silly audit   '@ethereumjs/util': [ '8.1.0' ],
17 silly audit   '@noble/curves': [ '1.3.0', '1.2.0' ],
17 silly audit   '@noble/hashes': [ '1.3.3', '1.3.2', '1.2.0', '1.4.0' ],
17 silly audit   'ethereum-cryptography': [ '2.1.3', '1.2.0', '0.1.3' ],
17 silly audit   '@ethersproject/abi': [ '5.7.0' ],
17 silly audit   '@ethersproject/abstract-provider': [ '5.7.0' ],
17 silly audit   '@ethersproject/abstract-signer': [ '5.7.0' ],
17 silly audit   '@ethersproject/address': [ '5.7.0', '5.6.1' ],
17 silly audit   '@ethersproject/base64': [ '5.7.0' ],
17 silly audit   '@ethersproject/basex': [ '5.7.0' ],
17 silly audit   '@ethersproject/bignumber': [ '5.7.0' ],
17 silly audit   '@ethersproject/bytes': [ '5.7.0' ],
17 silly audit   '@ethersproject/constants': [ '5.7.0' ],
17 silly audit   '@ethersproject/contracts': [ '5.7.0' ],
17 silly audit   '@ethersproject/hash': [ '5.7.0' ],
17 silly audit   '@ethersproject/hdnode': [ '5.7.0' ],
17 silly audit   '@ethersproject/json-wallets': [ '5.7.0' ],
17 silly audit   'aes-js': [ '3.0.0', '4.0.0-beta.5' ],
17 silly audit   '@ethersproject/keccak256': [ '5.7.0' ],
17 silly audit   '@ethersproject/logger': [ '5.7.0' ],
17 silly audit   '@ethersproject/networks': [ '5.7.1' ],
17 silly audit   '@ethersproject/pbkdf2': [ '5.7.0' ],
17 silly audit   '@ethersproject/properties': [ '5.7.0' ],
17 silly audit   '@ethersproject/providers': [ '5.7.2' ],
17 silly audit   ws: [ '7.4.6', '7.5.9', '8.5.0' ],
17 silly audit   '@ethersproject/random': [ '5.7.0' ],
17 silly audit   '@ethersproject/rlp': [ '5.7.0' ],
17 silly audit   '@ethersproject/sha2': [ '5.7.0' ],
17 silly audit   '@ethersproject/signing-key': [ '5.7.0' ],
17 silly audit   '@ethersproject/solidity': [ '5.7.0' ],
17 silly audit   '@ethersproject/strings': [ '5.7.0' ],
17 silly audit   '@ethersproject/transactions': [ '5.7.0' ],
17 silly audit   '@ethersproject/units': [ '5.7.0' ],
17 silly audit   '@ethersproject/wallet': [ '5.7.0' ],
17 silly audit   '@ethersproject/web': [ '5.7.1' ],
17 silly audit   '@ethersproject/wordlists': [ '5.7.0' ],
17 silly audit   '@fastify/busboy': [ '2.1.1' ],
17 silly audit   '@jridgewell/resolve-uri': [ '3.1.2' ],
17 silly audit   '@jridgewell/sourcemap-codec': [ '1.4.15' ],
17 silly audit   '@jridgewell/trace-mapping': [ '0.3.9' ],
17 silly audit   '@metamask/eth-sig-util': [ '4.0.1' ],
17 silly audit   '@types/bn.js': [ '4.11.6', '5.1.5' ],
17 silly audit   'bn.js': [ '4.12.0', '5.2.1', '4.11.6' ],
17 silly audit   'ethereumjs-util': [ '6.2.1', '7.1.5' ],
17 silly audit   '@noble/secp256k1': [ '1.7.1' ],
17 silly audit   '@nodelib/fs.scandir': [ '2.1.5' ],
17 silly audit   '@nodelib/fs.stat': [ '2.0.5' ],
17 silly audit   '@nodelib/fs.walk': [ '1.2.8' ],
17 silly audit   '@nomicfoundation/edr': [ '0.4.0' ],
17 silly audit   '@nomicfoundation/edr-darwin-arm64': [ '0.4.0' ],
17 silly audit   '@nomicfoundation/edr-darwin-x64': [ '0.4.0' ],
17 silly audit   '@nomicfoundation/edr-linux-arm64-gnu': [ '0.4.0' ],
17 silly audit   '@nomicfoundation/edr-linux-arm64-musl': [ '0.4.0' ],
17 silly audit   '@nomicfoundation/edr-linux-x64-gnu': [ '0.4.0' ],
17 silly audit   '@nomicfoundation/edr-linux-x64-musl': [ '0.4.0' ],
17 silly audit   '@nomicfoundation/edr-win32-x64-msvc': [ '0.4.0' ],
17 silly audit   '@nomicfoundation/ethereumjs-common': [ '4.0.4' ],
17 silly audit   '@nomicfoundation/ethereumjs-rlp': [ '5.0.4' ],
17 silly audit   '@nomicfoundation/ethereumjs-tx': [ '5.0.4' ],
17 silly audit   '@nomicfoundation/ethereumjs-util': [ '9.0.4' ],
17 silly audit   '@nomicfoundation/hardhat-chai-matchers': [ '2.0.7' ],
17 silly audit   '@nomicfoundation/hardhat-ethers': [ '3.0.6' ],
17 silly audit   '@nomicfoundation/hardhat-ignition': [ '0.15.4' ],
17 silly audit   '@nomicfoundation/hardhat-ignition-ethers': [ '0.15.4' ],
17 silly audit   '@nomicfoundation/hardhat-network-helpers': [ '1.0.11' ],
17 silly audit   '@nomicfoundation/hardhat-toolbox': [ '5.0.0' ],
17 silly audit   '@nomicfoundation/hardhat-verify': [ '2.0.8' ],
17 silly audit   'ansi-styles': [ '3.2.1', '4.3.0' ],
17 silly audit   chalk: [ '2.4.2', '4.1.2' ],
17 silly audit   'color-convert': [ '1.9.3', '2.0.1' ],
17 silly audit   'color-name': [ '1.1.3', '1.1.4' ],
17 silly audit   'escape-string-regexp': [ '1.0.5', '4.0.0' ],
17 silly audit   'has-flag': [ '3.0.0', '4.0.0', '1.0.0' ],
17 silly audit   'supports-color': [ '5.5.0', '8.1.1', '3.2.3', '7.2.0' ],
17 silly audit   '@nomicfoundation/ignition-core': [ '0.15.4' ],
17 silly audit   cbor: [ '9.0.2', '8.1.0' ],
17 silly audit   '@nomicfoundation/ignition-ui': [ '0.15.4' ],
17 silly audit   '@nomicfoundation/solidity-analyzer': [ '0.1.1' ],
17 silly audit   '@nomicfoundation/solidity-analyzer-darwin-arm64': [ '0.1.1' ],
17 silly audit   '@nomicfoundation/solidity-analyzer-darwin-x64': [ '0.1.1' ],
17 silly audit   '@nomicfoundation/solidity-analyzer-freebsd-x64': [ '0.1.1' ],
17 silly audit   '@nomicfoundation/solidity-analyzer-linux-arm64-gnu': [ '0.1.1' ],
17 silly audit   '@nomicfoundation/solidity-analyzer-linux-arm64-musl': [ '0.1.1' ],
17 silly audit   '@nomicfoundation/solidity-analyzer-linux-x64-gnu': [ '0.1.1' ],
17 silly audit   '@nomicfoundation/solidity-analyzer-linux-x64-musl': [ '0.1.1' ],
17 silly audit   '@nomicfoundation/solidity-analyzer-win32-arm64-msvc': [ '0.1.1' ],
17 silly audit   '@nomicfoundation/solidity-analyzer-win32-ia32-msvc': [ '0.1.1' ],
17 silly audit   '@nomicfoundation/solidity-analyzer-win32-x64-msvc': [ '0.1.1' ],
17 silly audit   '@scure/base': [ '1.1.6' ],
17 silly audit   '@scure/bip32': [ '1.3.3', '1.1.5' ],
17 silly audit   '@scure/bip39': [ '1.2.2', '1.1.1' ],
17 silly audit   '@sentry/core': [ '5.30.0' ],
17 silly audit   tslib: [ '1.14.1', '2.4.0' ],
17 silly audit   '@sentry/hub': [ '5.30.0' ],
17 silly audit   '@sentry/minimal': [ '5.30.0' ],
17 silly audit   '@sentry/node': [ '5.30.0' ],
17 silly audit   '@sentry/tracing': [ '5.30.0' ],
17 silly audit   '@sentry/types': [ '5.30.0' ],
17 silly audit   '@sentry/utils': [ '5.30.0' ],
17 silly audit   '@solidity-parser/parser': [ '0.14.5', '0.18.0' ],
17 silly audit   '@tsconfig/node10': [ '1.0.11' ],
17 silly audit   '@tsconfig/node12': [ '1.0.11' ],
17 silly audit   '@tsconfig/node14': [ '1.0.3' ],
17 silly audit   '@tsconfig/node16': [ '1.0.4' ],
17 silly audit   '@typechain/ethers-v6': [ '0.5.1' ],
17 silly audit   '@typechain/hardhat': [ '9.1.0' ],
17 silly audit   'fs-extra': [ '9.1.0', '10.1.0', '7.0.1', '0.30.0', '8.1.0' ],
17 silly audit   '@types/chai': [ '4.3.16' ],
17 silly audit   '@types/chai-as-promised': [ '7.1.8' ],
17 silly audit   '@types/concat-stream': [ '1.6.1' ],
17 silly audit   '@types/form-data': [ '0.0.33' ],
17 silly audit   '@types/glob': [ '7.2.0' ],
17 silly audit   '@types/lru-cache': [ '5.1.1' ],
17 silly audit   '@types/minimatch': [ '5.1.2' ],
17 silly audit   '@types/mocha': [ '10.0.6' ],
17 silly audit   '@types/node': [ '20.14.2', '18.15.13', '10.17.60', '8.10.66' ],
17 silly audit   '@types/pbkdf2': [ '3.1.2' ],
17 silly audit   '@types/prettier': [ '2.7.3' ],
17 silly audit   '@types/qs': [ '6.9.15' ],
17 silly audit   '@types/secp256k1': [ '4.0.6' ],
17 silly audit   abbrev: [ '1.0.9' ],
17 silly audit   acorn: [ '8.11.3' ],
17 silly audit   'acorn-walk': [ '8.3.2' ],
17 silly audit   'adm-zip': [ '0.4.16' ],
17 silly audit   'agent-base': [ '6.0.2' ],
17 silly audit   'aggregate-error': [ '3.1.0' ],
17 silly audit   ajv: [ '8.16.0' ],
17 silly audit   amdefine: [ '1.0.1' ],
17 silly audit   'ansi-align': [ '3.0.1' ],
17 silly audit   'ansi-colors': [ '4.1.3', '4.1.1' ],
17 silly audit   'ansi-escapes': [ '4.3.2' ],
17 silly audit   'ansi-regex': [ '5.0.1', '3.0.1' ],
17 silly audit   antlr4ts: [ '0.5.0-alpha.4' ],
17 silly audit   anymatch: [ '3.1.3' ],
17 silly audit   arg: [ '4.1.3' ],
17 silly audit   argparse: [ '2.0.1', '1.0.10' ],
17 silly audit   'array-back': [ '3.1.0', '4.0.2' ],
17 silly audit   'array-union': [ '2.1.0' ],
17 silly audit   'array-uniq': [ '1.0.3' ],
17 silly audit   asap: [ '2.0.6' ],
17 silly audit   'assertion-error': [ '1.1.0' ],
17 silly audit   'astral-regex': [ '2.0.0' ],
17 silly audit   async: [ '1.5.2' ],
17 silly audit   asynckit: [ '0.4.0' ],
17 silly audit   'at-least-node': [ '1.0.0' ],
17 silly audit   axios: [ '1.7.2' ],
17 silly audit   'balanced-match': [ '1.0.2' ],
17 silly audit   'base-x': [ '3.0.9' ],
17 silly audit   bech32: [ '1.1.4' ],
17 silly audit   'binary-extensions': [ '2.3.0' ],
17 silly audit   blakejs: [ '1.2.1' ],
17 silly audit   boxen: [ '5.1.2' ],
17 silly audit   'type-fest': [ '0.20.2', '0.7.1', '0.21.3' ],
17 silly audit   'brace-expansion': [ '1.1.11', '2.0.1' ],
17 silly audit   braces: [ '3.0.3' ],
17 silly audit   brorand: [ '1.1.0' ],
17 silly audit   'browser-stdout': [ '1.3.1' ],
17 silly audit   'browserify-aes': [ '1.2.0' ],
17 silly audit   bs58: [ '4.0.1' ],
17 silly audit   bs58check: [ '2.1.2' ],
17 silly audit   'buffer-from': [ '1.1.2' ],
17 silly audit   'buffer-xor': [ '1.0.3' ],
17 silly audit   bytes: [ '3.1.2' ],
17 silly audit   'call-bind': [ '1.0.7' ],
17 silly audit   camelcase: [ '6.3.0' ],
17 silly audit   caseless: [ '0.12.0' ],
17 silly audit   chai: [ '4.4.1' ],
17 silly audit   'chai-as-promised': [ '7.1.2' ],
17 silly audit   charenc: [ '0.0.2' ],
17 silly audit   'check-error': [ '1.0.3' ],
17 silly audit   chokidar: [ '3.6.0', '3.5.3' ],
17 silly audit   'ci-info': [ '2.0.0' ],
17 silly audit   'cipher-base': [ '1.0.4' ],
17 silly audit   'clean-stack': [ '2.2.0' ],
17 silly audit   'cli-boxes': [ '2.2.1' ],
17 silly audit   'cli-table3': [ '0.5.1' ],
17 silly audit   'is-fullwidth-code-point': [ '2.0.0', '3.0.0' ],
17 silly audit   'string-width': [ '2.1.1', '4.2.3' ],
17 silly audit   'strip-ansi': [ '4.0.0', '6.0.1' ],
17 silly audit   cliui: [ '7.0.4' ],
17 silly audit   colors: [ '1.4.0' ],
17 silly audit   'combined-stream': [ '1.0.8' ],
17 silly audit   'command-exists': [ '1.2.9' ],
17 silly audit   'command-line-args': [ '5.2.1' ],
17 silly audit   'command-line-usage': [ '6.1.3' ],
17 silly audit   typical: [ '5.2.0', '4.0.0' ],
17 silly audit   commander: [ '3.0.2' ],
17 silly audit   'concat-map': [ '0.0.1' ],
17 silly audit   'concat-stream': [ '1.6.2' ],
17 silly audit   'readable-stream': [ '2.3.8', '3.6.2' ],
17 silly audit   'safe-buffer': [ '5.1.2', '5.2.1' ],
17 silly audit   string_decoder: [ '1.1.1', '1.3.0' ],
17 silly audit   cookie: [ '0.4.2' ],
17 silly audit   'core-util-is': [ '1.0.3' ],
17 silly audit   'create-hash': [ '1.2.0' ],
17 silly audit   'create-hmac': [ '1.1.7' ],
17 silly audit   'create-require': [ '1.1.1' ],
17 silly audit   crypt: [ '0.0.2' ],
17 silly audit   death: [ '1.1.0' ],
17 silly audit   debug: [ '4.3.5', '4.3.4' ],
17 silly audit   decamelize: [ '4.0.0' ],
17 silly audit   'deep-eql': [ '4.1.4' ],
17 silly audit   'deep-extend': [ '0.6.0' ],
17 silly audit   'deep-is': [ '0.1.4' ],
17 silly audit   'define-data-property': [ '1.1.4' ],
17 silly audit   'delayed-stream': [ '1.0.0' ],
17 silly audit   depd: [ '2.0.0' ],
17 silly audit   diff: [ '5.0.0', '4.0.2' ],
17 silly audit   difflib: [ '0.2.4' ],
17 silly audit   'dir-glob': [ '3.0.1' ],
17 silly audit   elliptic: [ '6.5.4' ],
17 silly audit   'emoji-regex': [ '8.0.0' ],
17 silly audit   enquirer: [ '2.4.1' ],
17 silly audit   'env-paths': [ '2.2.1' ],
17 silly audit   'es-define-property': [ '1.0.0' ],
17 silly audit   'es-errors': [ '1.3.0' ],
17 silly audit   escalade: [ '3.1.2' ],
17 silly audit   escodegen: [ '1.8.1' ],
17 silly audit   esprima: [ '2.7.3', '4.0.1' ],
17 silly audit   estraverse: [ '1.9.3' ],
17 silly audit   esutils: [ '2.0.3' ],
17 silly audit   'eth-gas-reporter': [ '0.2.27' ],
17 silly audit   ethers: [ '5.7.2', '6.13.0' ],
17 silly audit   'ethereum-bloom-filters': [ '1.1.0' ],
17 silly audit   'ethereumjs-abi': [ '0.6.8' ],
17 silly audit   'ethjs-unit': [ '0.1.6' ],
17 silly audit   'ethjs-util': [ '0.1.6' ],
17 silly audit   evp_bytestokey: [ '1.0.3' ],
17 silly audit   'fast-deep-equal': [ '3.1.3' ],
17 silly audit   'fast-glob': [ '3.3.2' ],
17 silly audit   'fast-levenshtein': [ '2.0.6' ],
17 silly audit   fastq: [ '1.17.1' ],
17 silly audit   'fill-range': [ '7.1.1' ],
17 silly audit   'find-replace': [ '3.0.0' ],
17 silly audit   'find-up': [ '2.1.0', '5.0.0' ],
17 silly audit   flat: [ '5.0.2' ],
17 silly audit   'follow-redirects': [ '1.15.6' ],
17 silly audit   'form-data': [ '4.0.0', '2.5.1' ],
17 silly audit   'fp-ts': [ '1.19.3' ],
17 silly audit   'fs-readdir-recursive': [ '1.1.0' ],
17 silly audit   'fs.realpath': [ '1.0.0' ],
17 silly audit   fsevents: [ '2.3.3' ],
17 silly audit   'function-bind': [ '1.1.2' ],
17 silly audit   'get-caller-file': [ '2.0.5' ],
17 silly audit   'get-func-name': [ '2.0.2' ],
17 silly audit   'get-intrinsic': [ '1.2.4' ],
17 silly audit   'get-port': [ '3.2.0' ],
17 silly audit   'ghost-testrpc': [ '0.0.2' ],
17 silly audit   glob: [ '7.2.0', '8.1.0', '5.0.15', '7.1.7' ],
17 silly audit   'glob-parent': [ '5.1.2' ],
17 silly audit   'global-modules': [ '2.0.0' ],
17 silly audit   'global-prefix': [ '3.0.0' ],
17 silly audit   globby: [ '10.0.2' ],
17 silly audit   gopd: [ '1.0.1' ],
17 silly audit   'graceful-fs': [ '4.2.11' ],
17 silly audit   handlebars: [ '4.7.8' ],
17 silly audit   'source-map': [ '0.6.1', '0.2.0' ],
17 silly audit   hardhat: [ '2.22.5' ],
17 silly audit   'hardhat-gas-reporter': [ '1.0.10' ],
17 silly audit   jsonfile: [ '4.0.0', '6.1.0', '2.4.0' ],
17 silly audit   universalify: [ '0.1.2', '2.0.1' ],
17 silly audit   'has-property-descriptors': [ '1.0.2' ],
17 silly audit   'has-proto': [ '1.0.3' ],
17 silly audit   'has-symbols': [ '1.0.3' ],
17 silly audit   'hash-base': [ '3.1.0' ],
17 silly audit   'hash.js': [ '1.1.7' ],
17 silly audit   hasown: [ '2.0.2' ],
17 silly audit   he: [ '1.2.0' ],
17 silly audit   heap: [ '0.2.7' ],
17 silly audit   'hmac-drbg': [ '1.0.1' ],
17 silly audit   'http-basic': [ '8.1.3' ],
17 silly audit   'http-errors': [ '2.0.0' ],
17 silly audit   'http-response-object': [ '3.0.2' ],
17 silly audit   'https-proxy-agent': [ '5.0.1' ],
17 silly audit   'iconv-lite': [ '0.4.24' ],
17 silly audit   ignore: [ '5.3.1' ],
17 silly audit   immer: [ '10.0.2' ],
17 silly audit   immutable: [ '4.3.6' ],
17 silly audit   'indent-string': [ '4.0.0' ],
17 silly audit   inflight: [ '1.0.6' ],
17 silly audit   inherits: [ '2.0.4' ],
17 silly audit   ini: [ '1.3.8' ],
17 silly audit   interpret: [ '1.4.0' ],
17 silly audit   'io-ts': [ '1.10.4' ],
17 silly audit   'is-binary-path': [ '2.1.0' ],
17 silly audit   'is-extglob': [ '2.1.1' ],
17 silly audit   'is-glob': [ '4.0.3' ],
17 silly audit   'is-hex-prefixed': [ '1.0.0' ],
17 silly audit   'is-number': [ '7.0.0' ],
17 silly audit   'is-plain-obj': [ '2.1.0' ],
17 silly audit   'is-unicode-supported': [ '0.1.0' ],
17 silly audit   isarray: [ '1.0.0' ],
17 silly audit   isexe: [ '2.0.0' ],
17 silly audit   'js-sha3': [ '0.8.0' ],
17 silly audit   'js-yaml': [ '4.1.0', '3.14.1' ],
17 silly audit   'json-schema-traverse': [ '1.0.0' ],
17 silly audit   'json-stringify-safe': [ '5.0.1' ],
17 silly audit   jsonschema: [ '1.4.1' ],
17 silly audit   keccak: [ '3.0.4' ],
17 silly audit   'kind-of': [ '6.0.3' ],
17 silly audit   klaw: [ '1.3.1' ],
17 silly audit   kleur: [ '3.0.3' ],
17 silly audit   levn: [ '0.3.0' ],
17 silly audit   'locate-path': [ '2.0.0', '6.0.0' ],
17 silly audit   lodash: [ '4.17.21' ],
17 silly audit   'lodash.camelcase': [ '4.3.0' ],
17 silly audit   'lodash.clonedeep': [ '4.5.0' ],
17 silly audit   'lodash.isequal': [ '4.5.0' ],
17 silly audit   'lodash.truncate': [ '4.4.2' ],
17 silly audit   'log-symbols': [ '4.1.0' ],
17 silly audit   loupe: [ '2.3.7' ],
17 silly audit   lru_map: [ '0.3.3' ],
17 silly audit   'make-error': [ '1.3.6' ],
17 silly audit   'markdown-table': [ '1.1.3' ],
17 silly audit   'md5.js': [ '1.3.5' ],
17 silly audit   memorystream: [ '0.3.1' ],
17 silly audit   merge2: [ '1.4.1' ],
17 silly audit   'micro-ftch': [ '0.3.1' ],
17 silly audit   micromatch: [ '4.0.7' ],
17 silly audit   'mime-db': [ '1.52.0' ],
17 silly audit   'mime-types': [ '2.1.35' ],
17 silly audit   'minimalistic-assert': [ '1.0.1' ],
17 silly audit   'minimalistic-crypto-utils': [ '1.0.1' ],
17 silly audit   minimatch: [ '3.1.2', '5.0.1' ],
17 silly audit   minimist: [ '1.2.8' ],
17 silly audit   mkdirp: [ '0.5.6', '1.0.4' ],
17 silly audit   mnemonist: [ '0.38.5' ],
17 silly audit   mocha: [ '10.4.0' ],
17 silly audit   ms: [ '2.1.2', '2.1.3' ],
17 silly audit   'p-limit': [ '3.1.0', '1.3.0' ],
17 silly audit   'p-locate': [ '5.0.0', '2.0.0' ],
17 silly audit   'path-exists': [ '4.0.0', '3.0.0' ],
17 silly audit   ndjson: [ '2.0.0' ],
17 silly audit   'neo-async': [ '2.6.2' ],
17 silly audit   'node-addon-api': [ '2.0.2' ],
17 silly audit   'node-emoji': [ '1.11.0' ],
17 silly audit   'node-gyp-build': [ '4.8.1' ],
17 silly audit   nofilter: [ '3.1.0' ],
17 silly audit   nopt: [ '3.0.6' ],
17 silly audit   'normalize-path': [ '3.0.0' ],
17 silly audit   'number-to-bn': [ '1.7.0' ],
17 silly audit   'object-assign': [ '4.1.1' ],
17 silly audit   'object-inspect': [ '1.13.1' ],
17 silly audit   obliterator: [ '2.0.4' ],
17 silly audit   once: [ '1.4.0' ],
17 silly audit   optionator: [ '0.8.3' ],
17 silly audit   ordinal: [ '1.0.3' ],
17 silly audit   'os-tmpdir': [ '1.0.2' ],
17 silly audit   'p-map': [ '4.0.0' ],
17 silly audit   'p-try': [ '1.0.0' ],
17 silly audit   'parse-cache-control': [ '1.0.1' ],
17 silly audit   'path-is-absolute': [ '1.0.1' ],
17 silly audit   'path-parse': [ '1.0.7' ],
17 silly audit   'path-type': [ '4.0.0' ],
17 silly audit   pathval: [ '1.1.1' ],
17 silly audit   pbkdf2: [ '3.1.2' ],
17 silly audit   picomatch: [ '2.3.1' ],
17 silly audit   pify: [ '4.0.1' ],
17 silly audit   'prelude-ls': [ '1.1.2' ],
17 silly audit   prettier: [ '2.8.8' ],
17 silly audit   'process-nextick-args': [ '2.0.1' ],
17 silly audit   promise: [ '8.3.0' ],
17 silly audit   prompts: [ '2.4.2' ],
17 silly audit   'proxy-from-env': [ '1.1.0' ],
17 silly audit   punycode: [ '2.3.1' ],
17 silly audit   qs: [ '6.12.1' ],
17 silly audit   'queue-microtask': [ '1.2.3' ],
17 silly audit   randombytes: [ '2.1.0' ],
17 silly audit   'raw-body': [ '2.5.2' ],
17 silly audit   readdirp: [ '3.6.0' ],
17 silly audit   rechoir: [ '0.6.2' ],
17 silly audit   'recursive-readdir': [ '2.2.3' ],
17 silly audit   'reduce-flatten': [ '2.0.0' ],
17 silly audit   'req-cwd': [ '2.0.0' ],
17 silly audit   'req-from': [ '2.0.0' ],
17 silly audit   'require-directory': [ '2.1.1' ],
17 silly audit   'require-from-string': [ '2.0.2' ],
17 silly audit   resolve: [ '1.17.0', '1.1.7' ],
17 silly audit   'resolve-from': [ '3.0.0' ],
17 silly audit   reusify: [ '1.0.4' ],
17 silly audit   rimraf: [ '2.7.1' ],
17 silly audit   ripemd160: [ '2.0.2' ],
17 silly audit   rlp: [ '2.2.7' ],
17 silly audit   'run-parallel': [ '1.2.0' ],
17 silly audit   'safer-buffer': [ '2.1.2' ],
17 silly audit   'sc-istanbul': [ '0.4.6' ],
17 silly audit   'scrypt-js': [ '3.0.1' ],
17 silly audit   secp256k1: [ '4.0.3' ],
17 silly audit   semver: [ '6.3.1', '5.7.2', '7.6.2' ],
17 silly audit   'serialize-javascript': [ '6.0.0' ],
17 silly audit   'set-function-length': [ '1.2.2' ],
17 silly audit   setimmediate: [ '1.0.5' ],
17 silly audit   setprototypeof: [ '1.2.0' ],
17 silly audit   'sha.js': [ '2.4.11' ],
17 silly audit   sha1: [ '1.1.1' ],
17 silly audit   shelljs: [ '0.8.5' ],
17 silly audit   'side-channel': [ '1.0.6' ],
17 silly audit   sisteransi: [ '1.0.5' ],
17 silly audit   slash: [ '3.0.0' ],
17 silly audit   'slice-ansi': [ '4.0.0' ],
17 silly audit   solc: [ '0.7.3' ],
17 silly audit   'solidity-coverage': [ '0.8.12' ],
17 silly audit   'source-map-support': [ '0.5.21' ],
17 silly audit   split2: [ '3.2.2' ],
17 silly audit   'sprintf-js': [ '1.0.3' ],
17 silly audit   'stacktrace-parser': [ '0.1.10' ],
17 silly audit   statuses: [ '2.0.1' ],
17 silly audit   'string-format': [ '2.0.0' ],
17 silly audit   'strip-hex-prefix': [ '1.0.0' ],
17 silly audit   'strip-json-comments': [ '3.1.1' ],
17 silly audit   'sync-request': [ '6.1.0' ],
17 silly audit   'sync-rpc': [ '1.3.6' ],
17 silly audit   table: [ '6.8.2' ],
17 silly audit   'table-layout': [ '1.0.2' ],
17 silly audit   'then-request': [ '6.0.2' ],
17 silly audit   through2: [ '4.0.2' ],
17 silly audit   tmp: [ '0.0.33' ],
17 silly audit   'to-regex-range': [ '5.0.1' ],
17 silly audit   toidentifier: [ '1.0.1' ],
17 silly audit   'ts-command-line-args': [ '2.5.1' ],
17 silly audit   'ts-essentials': [ '7.0.3' ],
17 silly audit   'ts-node': [ '10.9.2' ],
17 silly audit   tsort: [ '0.0.1' ],
17 silly audit   tweetnacl: [ '1.0.3' ],
17 silly audit   'tweetnacl-util': [ '0.15.1' ],
17 silly audit   'type-check': [ '0.3.2' ],
17 silly audit   'type-detect': [ '4.0.8' ],
17 silly audit   typechain: [ '8.3.2' ],
17 silly audit   typedarray: [ '0.0.6' ],
17 silly audit   typescript: [ '5.4.5' ],
17 silly audit   'uglify-js': [ '3.17.4' ],
17 silly audit   undici: [ '5.28.4' ],
17 silly audit   'undici-types': [ '5.26.5' ],
17 silly audit   unpipe: [ '1.0.0' ],
17 silly audit   'uri-js': [ '4.4.1' ],
17 silly audit   utf8: [ '3.0.0' ],
17 silly audit   'util-deprecate': [ '1.0.2' ],
17 silly audit   uuid: [ '8.3.2' ],
17 silly audit   'v8-compile-cache-lib': [ '3.0.1' ],
17 silly audit   'web3-utils': [ '1.10.4' ],
17 silly audit   which: [ '1.3.1' ],
17 silly audit   'widest-line': [ '3.1.0' ],
17 silly audit   'word-wrap': [ '1.2.5' ],
17 silly audit   wordwrap: [ '1.0.0' ],
17 silly audit   wordwrapjs: [ '4.0.1' ],
17 silly audit   workerpool: [ '6.2.1' ],
17 silly audit   'wrap-ansi': [ '7.0.0' ],
17 silly audit   wrappy: [ '1.0.2' ],
17 silly audit   y18n: [ '5.0.8' ],
17 silly audit   yargs: [ '16.2.0' ],
17 silly audit   'yargs-parser': [ '20.2.4' ],
17 silly audit   'yargs-unparser': [ '2.0.0' ],
17 silly audit   yn: [ '3.1.1' ],
17 silly audit   'yocto-queue': [ '0.1.0' ],
17 silly audit   '@openzeppelin/contracts': [ '4.5.0' ]
17 silly audit }
18 verbose reify failed optional dependency /home/ubuntu/forkingDemo/node_modules/fsevents
19 silly reify mark deleted [ '/home/ubuntu/forkingDemo/node_modules/fsevents' ]
20 verbose reify failed optional dependency /home/ubuntu/forkingDemo/node_modules/@nomicfoundation/solidity-analyzer-win32-x64-msvc
21 silly reify mark deleted [
21 silly reify   '/home/ubuntu/forkingDemo/node_modules/@nomicfoundation/solidity-analyzer-win32-x64-msvc'
21 silly reify ]
22 verbose reify failed optional dependency /home/ubuntu/forkingDemo/node_modules/@nomicfoundation/solidity-analyzer-win32-ia32-msvc
23 silly reify mark deleted [
23 silly reify   '/home/ubuntu/forkingDemo/node_modules/@nomicfoundation/solidity-analyzer-win32-ia32-msvc'
23 silly reify ]
24 verbose reify failed optional dependency /home/ubuntu/forkingDemo/node_modules/@nomicfoundation/solidity-analyzer-win32-arm64-msvc
25 silly reify mark deleted [
25 silly reify   '/home/ubuntu/forkingDemo/node_modules/@nomicfoundation/solidity-analyzer-win32-arm64-msvc'
25 silly reify ]
26 verbose reify failed optional dependency /home/ubuntu/forkingDemo/node_modules/@nomicfoundation/solidity-analyzer-linux-arm64-musl
27 silly reify mark deleted [
27 silly reify   '/home/ubuntu/forkingDemo/node_modules/@nomicfoundation/solidity-analyzer-linux-arm64-musl'
27 silly reify ]
28 verbose reify failed optional dependency /home/ubuntu/forkingDemo/node_modules/@nomicfoundation/solidity-analyzer-linux-arm64-gnu
29 silly reify mark deleted [
29 silly reify   '/home/ubuntu/forkingDemo/node_modules/@nomicfoundation/solidity-analyzer-linux-arm64-gnu'
29 silly reify ]
30 verbose reify failed optional dependency /home/ubuntu/forkingDemo/node_modules/@nomicfoundation/solidity-analyzer-freebsd-x64
31 silly reify mark deleted [
31 silly reify   '/home/ubuntu/forkingDemo/node_modules/@nomicfoundation/solidity-analyzer-freebsd-x64'
31 silly reify ]
32 verbose reify failed optional dependency /home/ubuntu/forkingDemo/node_modules/@nomicfoundation/solidity-analyzer-darwin-x64
33 silly reify mark deleted [
33 silly reify   '/home/ubuntu/forkingDemo/node_modules/@nomicfoundation/solidity-analyzer-darwin-x64'
33 silly reify ]
34 verbose reify failed optional dependency /home/ubuntu/forkingDemo/node_modules/@nomicfoundation/solidity-analyzer-darwin-arm64
35 silly reify mark deleted [
35 silly reify   '/home/ubuntu/forkingDemo/node_modules/@nomicfoundation/solidity-analyzer-darwin-arm64'
35 silly reify ]
36 silly tarball no local data for @openzeppelin/contracts@https://registry.npmjs.org/@openzeppelin/contracts/-/contracts-4.5.0.tgz. Extracting by manifest.
37 silly tarball no local data for @nomicfoundation/solidity-analyzer-linux-x64-musl@https://registry.npmjs.org/@nomicfoundation/solidity-analyzer-linux-x64-musl/-/solidity-analyzer-linux-x64-musl-0.1.1.tgz. Extracting by manifest.
38 http fetch POST 200 https://registry.npmjs.org/-/npm/v1/security/advisories/bulk 59ms
39 silly audit report {
39 silly audit report   '@openzeppelin/contracts': [
39 silly audit report     {
39 silly audit report       id: 1089256,
39 silly audit report       url: 'https://github.com/advisories/GHSA-xrc4-737v-9q75',
39 silly audit report       title: "OpenZeppelin Contracts's GovernorVotesQuorumFraction updates to quorum may affect past defeated proposals",
39 silly audit report       severity: 'high',
39 silly audit report       vulnerable_versions: '>=4.3.0 <4.7.2',
39 silly audit report       cwe: [Array],
39 silly audit report       cvss: [Object]
39 silly audit report     },
39 silly audit report     {
39 silly audit report       id: 1089265,
39 silly audit report       url: 'https://github.com/advisories/GHSA-qh9x-gcfh-pcrw',
39 silly audit report       title: "OpenZeppelin Contracts's ERC165Checker may revert instead of returning false",
39 silly audit report       severity: 'high',
39 silly audit report       vulnerable_versions: '>=4.0.0 <4.7.1',
39 silly audit report       cwe: [Array],
39 silly audit report       cvss: [Object]
39 silly audit report     },
39 silly audit report     {
39 silly audit report       id: 1092641,
39 silly audit report       url: 'https://github.com/advisories/GHSA-7grf-83vw-6f5x',
39 silly audit report       title: 'OpenZeppelin Contracts ERC165Checker unbounded gas consumption',
39 silly audit report       severity: 'moderate',
39 silly audit report       vulnerable_versions: '>=2.0.0 <4.7.2',
39 silly audit report       cwe: [Array],
39 silly audit report       cvss: [Object]
39 silly audit report     },
39 silly audit report     {
39 silly audit report       id: 1088893,
39 silly audit report       url: 'https://github.com/advisories/GHSA-4g63-c64m-25w9',
39 silly audit report       title: "OpenZeppelin Contracts's SignatureChecker may revert on invalid EIP-1271 signers",
39 silly audit report       severity: 'high',
39 silly audit report       vulnerable_versions: '>=4.1.0 <4.7.1',
39 silly audit report       cwe: [Array],
39 silly audit report       cvss: [Object]
39 silly audit report     },
39 silly audit report     {
39 silly audit report       id: 1090187,
39 silly audit report       url: 'https://github.com/advisories/GHSA-4h98-2769-gh6h',
39 silly audit report       title: 'OpenZeppelin Contracts vulnerable to ECDSA signature malleability',
39 silly audit report       severity: 'high',
39 silly audit report       vulnerable_versions: '>=4.1.0 <4.7.3',
39 silly audit report       cwe: [Array],
39 silly audit report       cvss: [Object]
39 silly audit report     },
39 silly audit report     {
39 silly audit report       id: 1094526,
39 silly audit report       url: 'https://github.com/advisories/GHSA-g4vp-m682-qqmp',
39 silly audit report       title: 'OpenZeppelin Contracts vulnerable to Improper Escaping of Output',
39 silly audit report       severity: 'moderate',
39 silly audit report       vulnerable_versions: '>=4.0.0 <4.9.3',
39 silly audit report       cwe: [Array],
39 silly audit report       cvss: [Object]
39 silly audit report     },
39 silly audit report     {
39 silly audit report       id: 1091839,
39 silly audit report       url: 'https://github.com/advisories/GHSA-93hq-5wgc-jc82',
39 silly audit report       title: 'GovernorCompatibilityBravo may trim proposal calldata',
39 silly audit report       severity: 'high',
39 silly audit report       vulnerable_versions: '>=4.3.0 <4.8.3',
39 silly audit report       cwe: [Array],
39 silly audit report       cvss: [Object]
39 silly audit report     },
39 silly audit report     {
39 silly audit report       id: 1096606,
39 silly audit report       url: 'https://github.com/advisories/GHSA-9vx6-7xxf-x967',
39 silly audit report       title: 'OpenZeppelin Contracts base64 encoding may read from potentially dirty memory',
39 silly audit report       severity: 'low',
39 silly audit report       vulnerable_versions: '>=4.5.0 <4.9.6',
39 silly audit report       cwe: [Array],
39 silly audit report       cvss: [Object]
39 silly audit report     },
39 silly audit report     {
39 silly audit report       id: 1094945,
39 silly audit report       url: 'https://github.com/advisories/GHSA-mx2q-35m2-x2rh',
39 silly audit report       title: 'OpenZeppelin Contracts TransparentUpgradeableProxy clashing selector calls may not be delegated',
39 silly audit report       severity: 'moderate',
39 silly audit report       vulnerable_versions: '>=3.2.0 <4.8.3',
39 silly audit report       cwe: [Array],
39 silly audit report       cvss: [Object]
39 silly audit report     },
39 silly audit report     {
39 silly audit report       id: 1094980,
39 silly audit report       url: 'https://github.com/advisories/GHSA-5h3x-9wvq-w4m2',
39 silly audit report       title: "OpenZeppelin Contracts's governor proposal creation may be blocked by frontrunning",
39 silly audit report       severity: 'moderate',
39 silly audit report       vulnerable_versions: '>=4.3.0 <4.9.1',
39 silly audit report       cwe: [Array],
39 silly audit report       cvss: [Object]
39 silly audit report     }
39 silly audit report   ]
39 silly audit report }
40 http fetch GET 200 https://registry.npmjs.org/@openzeppelin/contracts/-/contracts-4.5.0.tgz 206ms (cache miss)
41 http fetch GET 200 https://registry.npmjs.org/@nomicfoundation/solidity-analyzer-linux-x64-musl/-/solidity-analyzer-linux-x64-musl-0.1.1.tgz 253ms (cache miss)
42 silly ADD node_modules/@openzeppelin/contracts
43 silly ADD
44 silly ADD
45 silly ADD
46 silly ADD
47 silly ADD node_modules/@nomicfoundation/solidity-analyzer-linux-x64-musl
48 silly ADD
49 silly ADD
50 silly ADD
51 silly ADD
52 silly ADD
53 verbose exit 0
54 info ok
